{"name": "test_always_fail", "status": "failed", "statusDetails": {"message": "AssertionError: assert False", "trace": "@allure.feature(\"always fail tests\")\n    def test_always_fail():\n>       assert False\nE       assert False\n\ntest_saucedemo.py:144: AssertionError"}, "start": 1742726669910, "stop": 1742726669910, "uuid": "17bfb75b-b668-4707-9b04-07b94f1df2ec", "historyId": "7ceb6109e47ee69f1bae8749e24e6a31", "testCaseId": "7ceb6109e47ee69f1bae8749e24e6a31", "fullName": "test_saucedemo#test_always_fail", "labels": [{"name": "feature", "value": "always fail tests"}, {"name": "suite", "value": "test_saucedemo"}, {"name": "host", "value": "DESKTOP-9OJK4CT"}, {"name": "thread", "value": "238476-MainThread"}, {"name": "framework", "value": "pytest"}, {"name": "language", "value": "cpython3"}, {"name": "package", "value": "test_saucedemo"}]}